<?xml version="1.0" encoding="UTF-8"?>
<!-- Generated by org.testng.reporters.JUnitReportReporter -->
<testsuite hostname="DESKTOP-36RTCA4" failures="0" tests="1" name="com.ecommerce.test.TestRunner" time="7.822" errors="0" timestamp="2025-01-04T17:11:04 IST" skipped="0">
  <testcase classname="com.ecommerce.test.TestRunner" name="runScenario" time="7.822"/>
</testsuite> <!-- com.ecommerce.test.TestRunner -->
