<?xml version="1.0" encoding="UTF-8"?>
<!-- Generated by org.testng.reporters.JUnitReportReporter -->
<testsuite hostname="DESKTOP-36RTCA4" failures="0" tests="1" name="com.ecommerce.test.SimpleTestRunner" time="14.314" errors="0" timestamp="2024-12-25T11:18:30 IST" skipped="0">
  <testcase classname="com.ecommerce.test.SimpleTestRunner" name="runScenario" time="14.314"/>
</testsuite> <!-- com.ecommerce.test.SimpleTestRunner -->
